Using pre-set license
Built from '2021.1/staging' branch; Version is '2021.1.15f1 (e767a7370072) revision 15165351'; Using compiler version '192528614'; Build Type 'Release'
OS: 'Windows 10 Home; OS build 19043.1237; Version 2009; 64bit' Language: 'pt' Physical Memory: 8150 MB
BatchMode: 1, IsHumanControllingUs: 0, StartBugReporterOnCrash: 0, Is64bit: 1, IsPro: 0

 COMMAND LINE ARGUMENTS:
C:\Program Files\Unity\Hub\Editor\2021.1.15f1\Editor\Unity.exe
-adb2
-batchMode
-noUpm
-name
AssetImportWorker0
-projectPath
C:/Users/guiil/OneDrive/Documentos/GitHub/HyperCasual 3D
-logFile
Logs/AssetImportWorker0.log
-srvPort
63638
Successfully changed project path to: C:/Users/guiil/OneDrive/Documentos/GitHub/HyperCasual 3D
C:/Users/guiil/OneDrive/Documentos/GitHub/HyperCasual 3D
Using Asset Import Pipeline V2.
Refreshing native plugins compatible for Editor in 128.06 ms, found 3 plugins.
Preloading 0 native plugins for Editor in 0.00 ms.
Initialize engine version: 2021.1.15f1 (e767a7370072)
[Subsystems] Discovering subsystems at path C:/Program Files/Unity/Hub/Editor/2021.1.15f1/Editor/Data/Resources/UnitySubsystems
[Subsystems] Discovering subsystems at path C:/Users/guiil/OneDrive/Documentos/GitHub/HyperCasual 3D/Assets
GfxDevice: creating device client; threaded=0; jobified=0
Direct3D:
    Version:  Direct3D 11.0 [level 11.1]
    Renderer: Radeon RX550/550 Series (ID=0x699f)
    Vendor:   ATI
    VRAM:     2028 MB
    Driver:   30.0.13017.1004
Initialize mono
Mono path[0] = 'C:/Program Files/Unity/Hub/Editor/2021.1.15f1/Editor/Data/Managed'
Mono path[1] = 'C:/Program Files/Unity/Hub/Editor/2021.1.15f1/Editor/Data/MonoBleedingEdge/lib/mono/unityjit'
Mono config path = 'C:/Program Files/Unity/Hub/Editor/2021.1.15f1/Editor/Data/MonoBleedingEdge/etc'
Using monoOptions --debugger-agent=transport=dt_socket,embedding=1,server=y,suspend=n,address=127.0.0.1:56972
Begin MonoManager ReloadAssembly
Registering precompiled unity dll's ...
Register platform support module: C:/Program Files/Unity/Hub/Editor/2021.1.15f1/Editor/Data/PlaybackEngines/WebGLSupport/UnityEditor.WebGL.Extensions.dll
Register platform support module: C:/Program Files/Unity/Hub/Editor/2021.1.15f1/Editor/Data/PlaybackEngines/WindowsStandaloneSupport/UnityEditor.WindowsStandalone.Extensions.dll
Registered in 0.002905 seconds.
Native extension for WindowsStandalone target not found
Native extension for WebGL target not found
Refreshing native plugins compatible for Editor in 110.80 ms, found 3 plugins.
Preloading 0 native plugins for Editor in 0.00 ms.
Mono: successfully reloaded assembly
- Completed reload, in  2.643 seconds
Domain Reload Profiling:
	ReloadAssembly (2644ms)
		BeginReloadAssembly (71ms)
			ExecutionOrderSort (0ms)
			DisableScriptedObjects (0ms)
			BackupInstance (0ms)
			ReleaseScriptingObjects (0ms)
			CreateAndSetChildDomain (1ms)
		EndReloadAssembly (650ms)
			LoadAssemblies (69ms)
			RebuildTransferFunctionScriptingTraits (0ms)
			SetupTypeCache (261ms)
			ReleaseScriptCaches (0ms)
			RebuildScriptCaches (36ms)
			SetupLoadedEditorAssemblies (295ms)
				LogAssemblyErrors (0ms)
				InitializePlatformSupportModulesInManaged (8ms)
				SetLoadedEditorAssemblies (0ms)
				RefreshPlugins (111ms)
				BeforeProcessingInitializeOnLoad (1ms)
				ProcessInitializeOnLoadAttributes (135ms)
				ProcessInitializeOnLoadMethodAttributes (40ms)
				AfterProcessingInitializeOnLoad (0ms)
				EditorAssembliesLoaded (0ms)
			ExecutionOrderSort2 (0ms)
			AwakeInstancesAfterBackupRestoration (0ms)
Platform modules already initialized, skipping
Registering precompiled user dll's ...
Registered in 0.007378 seconds.
Begin MonoManager ReloadAssembly
Symbol file LoadedFromMemory doesn't match image C:\Users\guiil\OneDrive\Documentos\GitHub\HyperCasual 3D\Library\PackageCache\com.unity.visualscripting@1.6.1\Editor\VisualScripting.Core\Dependencies\YamlDotNet\Unity.VisualScripting.YamlDotNet.dll
Symbol file LoadedFromMemory doesn't match image C:\Users\guiil\OneDrive\Documentos\GitHub\HyperCasual 3D\Library\PackageCache\com.unity.visualscripting@1.6.1\Editor\VisualScripting.Core\Dependencies\DotNetZip\Unity.VisualScripting.IonicZip.dll
Native extension for WindowsStandalone target not found
Native extension for WebGL target not found
Refreshing native plugins compatible for Editor in 0.69 ms, found 3 plugins.
Preloading 0 native plugins for Editor in 0.00 ms.
Mono: successfully reloaded assembly
- Completed reload, in  1.808 seconds
Domain Reload Profiling:
	ReloadAssembly (1809ms)
		BeginReloadAssembly (189ms)
			ExecutionOrderSort (0ms)
			DisableScriptedObjects (5ms)
			BackupInstance (0ms)
			ReleaseScriptingObjects (0ms)
			CreateAndSetChildDomain (27ms)
		EndReloadAssembly (1527ms)
			LoadAssemblies (126ms)
			RebuildTransferFunctionScriptingTraits (0ms)
			SetupTypeCache (512ms)
			ReleaseScriptCaches (1ms)
			RebuildScriptCaches (74ms)
			SetupLoadedEditorAssemblies (681ms)
				LogAssemblyErrors (0ms)
				InitializePlatformSupportModulesInManaged (6ms)
				SetLoadedEditorAssemblies (1ms)
				RefreshPlugins (1ms)
				BeforeProcessingInitializeOnLoad (117ms)
				ProcessInitializeOnLoadAttributes (540ms)
				ProcessInitializeOnLoadMethodAttributes (7ms)
				AfterProcessingInitializeOnLoad (9ms)
				EditorAssembliesLoaded (0ms)
			ExecutionOrderSort2 (0ms)
			AwakeInstancesAfterBackupRestoration (7ms)
Platform modules already initialized, skipping
========================================================================
Worker process is ready to serve import requests
Launched and connected shader compiler UnityShaderCompiler.exe after 0.06 seconds
Refreshing native plugins compatible for Editor in 0.94 ms, found 3 plugins.
Preloading 0 native plugins for Editor in 0.00 ms.
Unloading 3505 Unused Serialized files (Serialized files now loaded: 0)
System memory in use before: 130.2 MB.
System memory in use after: 130.3 MB.

Unloading 132 unused Assets to reduce memory usage. Loaded Objects now: 3931.
Total: 3.445900 ms (FindLiveObjects: 0.292600 ms CreateObjectMapping: 0.202900 ms MarkObjects: 2.674600 ms  DeleteObjects: 0.274400 ms)

AssetImportParameters requested are different than current active one (requested -> active):
  custom:framework-win-MediaFoundation: 216162199b28c13a410421893ffa2e32 -> 
  custom:video-decoder-ogg-theora: a1e56fd34408186e4bbccfd4996cb3dc -> 
  custom:container-muxer-webm: aa71ff27fc2769a1b78a27578f13a17b -> 
  custom:container-demuxer-webm: 4f35f7cbe854078d1ac9338744f61a02 -> 
  custom:container-demuxer-ogg: 62fdf1f143b41e24485cea50d1cbac27 -> 
  custom:video-encoder-webm-vp8: eb34c28f22e8b96e1ab97ce403110664 -> 
  custom:video-decoder-webm-vp8: 9c59270c3fd7afecdb556c50c9e8de78 -> 
  custom:audio-decoder-ogg-vorbis: bf7c407c2cedff20999df2af8eb42d56 -> 
  custom:audio-encoder-webm-vorbis: bf7c407c2cedff20999df2af8eb42d56 -> 
========================================================================
Received Import Request.
  path: Assets/Materials/Glass.mat
  artifactKey: Guid(661543515194684448ad528f70250b49) Importer(2089858483,934ff659095e30574adcf32a4c2f97b5)
Start importing Assets/Materials/Glass.mat using Guid(661543515194684448ad528f70250b49) Importer(2089858483,934ff659095e30574adcf32a4c2f97b5)  -> (artifact id: 'b9fb4de14bcfbe64f229c33e2d657181') in 0.088453 seconds 
========================================================================
Received Import Request.
  Time since last request: 0.000238 seconds.
  path: Assets/Materials/Obstacles.mat
  artifactKey: Guid(547cb0be33d4ca4468690f0868d24d27) Importer(2089858483,934ff659095e30574adcf32a4c2f97b5)
Start importing Assets/Materials/Obstacles.mat using Guid(547cb0be33d4ca4468690f0868d24d27) Importer(2089858483,934ff659095e30574adcf32a4c2f97b5)  -> (artifact id: '93f4f778631a9b8b635e3dd8b401626a') in 0.013780 seconds 
========================================================================
Received Import Request.
  Time since last request: 0.000202 seconds.
  path: Assets/Scripts/GlassMechanic.cs
  artifactKey: Guid(90ac3621d5e68784188017202d8b2537) Importer(2089858483,934ff659095e30574adcf32a4c2f97b5)
Start importing Assets/Scripts/GlassMechanic.cs using Guid(90ac3621d5e68784188017202d8b2537) Importer(2089858483,934ff659095e30574adcf32a4c2f97b5)  -> (artifact id: 'b974b3712fa392482fc5f9b01613ff55') in 0.014605 seconds 
========================================================================
Received Import Request.
  Time since last request: 0.000212 seconds.
  path: Assets/GlassBreak.fbx
  artifactKey: Guid(85c6145224549e04c98cb9eb138ca083) Importer(2089858483,934ff659095e30574adcf32a4c2f97b5)
Start importing Assets/GlassBreak.fbx using Guid(85c6145224549e04c98cb9eb138ca083) Importer(2089858483,934ff659095e30574adcf32a4c2f97b5)  -> (artifact id: '723d956e7efc7872c1d326c175a91870') in 0.131058 seconds 
========================================================================
Received Import Request.
  Time since last request: 0.000236 seconds.
  path: Assets/Materials/New Material.mat
  artifactKey: Guid(6118500876da7964cbc59bdfa11e291b) Importer(2089858483,934ff659095e30574adcf32a4c2f97b5)
Start importing Assets/Materials/New Material.mat using Guid(6118500876da7964cbc59bdfa11e291b) Importer(2089858483,934ff659095e30574adcf32a4c2f97b5)  -> (artifact id: '178bedb342a22876df50be33b7e7023a') in 0.012913 seconds 
========================================================================
Received Import Request.
  Time since last request: 0.000210 seconds.
  path: Assets/Scenes/SampleScene.unity
  artifactKey: Guid(9fc0d4010bbf28b4594072e72b8655ab) Importer(2089858483,934ff659095e30574adcf32a4c2f97b5)
Start importing Assets/Scenes/SampleScene.unity using Guid(9fc0d4010bbf28b4594072e72b8655ab) Importer(2089858483,934ff659095e30574adcf32a4c2f97b5)  -> (artifact id: 'd1a9899e4c3ae9694376ece8d3e9db96') in 0.013778 seconds 
========================================================================
Received Import Request.
  Time since last request: 0.000322 seconds.
  path: Assets/Scripts/PlayerMovement.cs
  artifactKey: Guid(e45db3d55c86cde49bc8282929f6c7f4) Importer(2089858483,934ff659095e30574adcf32a4c2f97b5)
Start importing Assets/Scripts/PlayerMovement.cs using Guid(e45db3d55c86cde49bc8282929f6c7f4) Importer(2089858483,934ff659095e30574adcf32a4c2f97b5)  -> (artifact id: 'fb58097777ec6d83ed48e7ce0aab9f8c') in 0.011650 seconds 
========================================================================
Received Import Request.
  Time since last request: 0.000285 seconds.
  path: Assets/Materials/Glass.physicMaterial
  artifactKey: Guid(6f1601e301601f042b8061af65960555) Importer(2089858483,934ff659095e30574adcf32a4c2f97b5)
Start importing Assets/Materials/Glass.physicMaterial using Guid(6f1601e301601f042b8061af65960555) Importer(2089858483,934ff659095e30574adcf32a4c2f97b5)  -> (artifact id: 'ff06c9d26cfc3db1230b53272124e4d1') in 0.010182 seconds 
========================================================================
Received Import Request.
  Time since last request: 0.000277 seconds.
  path: Assets/Glass.fbx
  artifactKey: Guid(323f560fba50bbb4d8decdbc5a5d3113) Importer(2089858483,934ff659095e30574adcf32a4c2f97b5)
Start importing Assets/Glass.fbx using Guid(323f560fba50bbb4d8decdbc5a5d3113) Importer(2089858483,934ff659095e30574adcf32a4c2f97b5)  -> (artifact id: '7f1e088ee9832093d0eb13611a8f73bc') in 0.009638 seconds 
========================================================================
Received Import Request.
  Time since last request: 0.000199 seconds.
  path: Assets/GlassBroken.prefab
  artifactKey: Guid(ae7f04864549c5f49bdf587bcde203da) Importer(2089858483,934ff659095e30574adcf32a4c2f97b5)
Start importing Assets/GlassBroken.prefab using Guid(ae7f04864549c5f49bdf587bcde203da) Importer(2089858483,934ff659095e30574adcf32a4c2f97b5)  -> (artifact id: '94ffafa8d5d47e10caf7aaed0789923b') in 0.012701 seconds 
========================================================================
Received Import Request.
  Time since last request: 0.000191 seconds.
  path: Assets/Materials/Player.mat
  artifactKey: Guid(e6fad2f3503eefc44bfd77c1ba40e60e) Importer(2089858483,934ff659095e30574adcf32a4c2f97b5)
Start importing Assets/Materials/Player.mat using Guid(e6fad2f3503eefc44bfd77c1ba40e60e) Importer(2089858483,934ff659095e30574adcf32a4c2f97b5)  -> (artifact id: 'f8bc2833ad7f8c7bd0f799d950a18e33') in 0.010759 seconds 
========================================================================
Received Import Request.
  Time since last request: 0.000178 seconds.
  path: Assets/Materials/Ground.physicMaterial
  artifactKey: Guid(feef2c221a43e5d4883ceae4c61d64a4) Importer(2089858483,934ff659095e30574adcf32a4c2f97b5)
Start importing Assets/Materials/Ground.physicMaterial using Guid(feef2c221a43e5d4883ceae4c61d64a4) Importer(2089858483,934ff659095e30574adcf32a4c2f97b5)  -> (artifact id: 'a7fba18ccca2fa78ec64197ee942dd69') in 0.011389 seconds 
========================================================================
Received Prepare
Registering precompiled user dll's ...
Registered in 0.006837 seconds.
Begin MonoManager ReloadAssembly
Symbol file LoadedFromMemory doesn't match image C:\Users\guiil\OneDrive\Documentos\GitHub\HyperCasual 3D\Library\PackageCache\com.unity.visualscripting@1.6.1\Editor\VisualScripting.Core\Dependencies\YamlDotNet\Unity.VisualScripting.YamlDotNet.dll
Symbol file LoadedFromMemory doesn't match image C:\Users\guiil\OneDrive\Documentos\GitHub\HyperCasual 3D\Library\PackageCache\com.unity.visualscripting@1.6.1\Editor\VisualScripting.Core\Dependencies\DotNetZip\Unity.VisualScripting.IonicZip.dll
Native extension for WindowsStandalone target not found
Native extension for WebGL target not found
Refreshing native plugins compatible for Editor in 0.69 ms, found 3 plugins.
Preloading 0 native plugins for Editor in 0.00 ms.
Warning: Annotation not found!
UnityEngine.StackTraceUtility:ExtractStackTrace ()
UnityEditor.ProBuilder.EditorUtility:SetGizmoIconEnabled (System.Type,bool) (at Library/PackageCache/com.unity.probuilder@5.0.3/Editor/EditorCore/EditorUtility.cs:575)
UnityEditor.ProBuilder.HierarchyListener:.cctor () (at Library/PackageCache/com.unity.probuilder@5.0.3/Editor/EditorCore/HierarchyListener.cs:21)
System.Runtime.CompilerServices.RuntimeHelpers:RunClassConstructor (System.RuntimeTypeHandle)
UnityEditor.EditorAssemblies:ProcessInitializeOnLoadAttributes (System.Type[])

[Library/PackageCache/com.unity.probuilder@5.0.3/Editor/EditorCore/EditorUtility.cs line 575]

Mono: successfully reloaded assembly
- Completed reload, in  1.198 seconds
Domain Reload Profiling:
	ReloadAssembly (1198ms)
		BeginReloadAssembly (138ms)
			ExecutionOrderSort (0ms)
			DisableScriptedObjects (5ms)
			BackupInstance (0ms)
			ReleaseScriptingObjects (0ms)
			CreateAndSetChildDomain (49ms)
		EndReloadAssembly (996ms)
			LoadAssemblies (101ms)
			RebuildTransferFunctionScriptingTraits (0ms)
			SetupTypeCache (374ms)
			ReleaseScriptCaches (1ms)
			RebuildScriptCaches (47ms)
			SetupLoadedEditorAssemblies (368ms)
				LogAssemblyErrors (0ms)
				InitializePlatformSupportModulesInManaged (6ms)
				SetLoadedEditorAssemblies (0ms)
				RefreshPlugins (1ms)
				BeforeProcessingInitializeOnLoad (66ms)
				ProcessInitializeOnLoadAttributes (283ms)
				ProcessInitializeOnLoadMethodAttributes (4ms)
				AfterProcessingInitializeOnLoad (7ms)
				EditorAssembliesLoaded (0ms)
			ExecutionOrderSort2 (0ms)
			AwakeInstancesAfterBackupRestoration (8ms)
Platform modules already initialized, skipping
Refreshing native plugins compatible for Editor in 0.71 ms, found 3 plugins.
Preloading 0 native plugins for Editor in 0.00 ms.
Unloading 3461 Unused Serialized files (Serialized files now loaded: 0)
System memory in use before: 127.1 MB.
System memory in use after: 127.3 MB.

Unloading 20 unused Assets to reduce memory usage. Loaded Objects now: 3934.
Total: 3.348600 ms (FindLiveObjects: 0.264300 ms CreateObjectMapping: 0.168800 ms MarkObjects: 2.761300 ms  DeleteObjects: 0.152700 ms)

AssetImportParameters requested are different than current active one (requested -> active):
  custom:framework-win-MediaFoundation: 216162199b28c13a410421893ffa2e32 -> 
  custom:video-decoder-ogg-theora: a1e56fd34408186e4bbccfd4996cb3dc -> 
  custom:container-muxer-webm: aa71ff27fc2769a1b78a27578f13a17b -> 
  custom:container-demuxer-webm: 4f35f7cbe854078d1ac9338744f61a02 -> 
  custom:container-demuxer-ogg: 62fdf1f143b41e24485cea50d1cbac27 -> 
  custom:video-encoder-webm-vp8: eb34c28f22e8b96e1ab97ce403110664 -> 
  custom:video-decoder-webm-vp8: 9c59270c3fd7afecdb556c50c9e8de78 -> 
  custom:audio-decoder-ogg-vorbis: bf7c407c2cedff20999df2af8eb42d56 -> 
  custom:audio-encoder-webm-vorbis: bf7c407c2cedff20999df2af8eb42d56 -> 
AssetImportWorkerClient::OnTransportError - code=2 error=End of file
